-------------------------------------------------------------------------------
Test set: challenge.tests.TestRunner
-------------------------------------------------------------------------------
Tests run: 6, Failures: 1, Errors: 0, Skipped: 0, Time elapsed: 56.548 s <<< FAILURE! - in challenge.tests.TestRunner
challengeTest[1][3]  Time elapsed: 4.82 s  <<< FAILURE!
org.opentest4j.AssertionFailedError: 
did not evaluate to 'true': ids1.length > 10 * ids2.length
classpath:challenge/tests/challengeTests.feature:36

