<?xml version="1.0" encoding="UTF-8"?>
<testsuite xmlns:xsi="http://www.w3.org/2001/XMLSchema-instance" xsi:noNamespaceSchemaLocation="https://maven.apache.org/surefire/maven-surefire-plugin/xsd/surefire-test-report.xsd" name="challenge.tests.TestRunner" time="56.548" tests="6" errors="0" skipped="0" failures="1">
  <properties>
[...]
</properties>
  <testcase name="challengeTest[1][1]" classname="challenge.tests.TestRunner" time="5.948"/>
  <testcase name="challengeTest[1][2]" classname="challenge.tests.TestRunner" time="4.329"/>
  <testcase name="challengeTest[1][3]" classname="challenge.tests.TestRunner" time="4.82">
    <failure message="did not evaluate to &apos;true&apos;: ids1.length &gt; 10 * ids2.length&#10;classpath:challenge/tests/challengeTests.feature:36" type="org.opentest4j.AssertionFailedError">org.opentest4j.AssertionFailedError: 
did not evaluate to 'true': ids1.length > 10 * ids2.length
classpath:challenge/tests/challengeTests.feature:36
</failure>
    <system-out><![CDATA[17:12:44.261 [main] INFO  com.intuit.karate - karate.env system property was: null 
17:12:44.266 [main] DEBUG com.intuit.karate - request:
1 > GET https://api.nasa.gov/mars-photos/api/v1/rovers/Curiosity/photos?sol=1000&api_key=3URwAWOHjeJxgDD6Dt94WfSXs3chWqfNHBb9aBp4&camera=NAVCAM
1 > Host: api.nasa.gov
1 > Connection: Keep-Alive
1 > User-Agent: Apache-HttpClient/4.5.13 (Java/1.8.0_261)
1 > Accept-Encoding: gzip,deflate


17:12:45.677 [main] DEBUG com.intuit.karate - response time in milliseconds: 1411
1 < 200
1 < Date: Mon, 11 Jul 2022 20:12:45 GMT
1 < Content-Type: application/json; charset=utf-8
1 < Transfer-Encoding: chunked
1 < Connection: keep-alive
1 < Access-Control-Allow-Origin: *
1 < Age: 1
1 < Cache-Control: max-age=0, private, must-revalidate
1 < Etag: W/"0668dd3c21f35a1846ab39d3569bb583"
1 < Referrer-Policy: strict-origin-when-cross-origin
1 < Strict-Transport-Security: max-age=63072000; includeSubDomains
1 < Strict-Transport-Security: max-age=31536000; preload
1 < Vary: Accept-Encoding
1 < Vary: Origin
1 < Via: 1.1 vegur, http/1.1 api-umbrella (ApacheTrafficServer [cMsSf ])
1 < X-Cache: MISS
1 < X-Content-Type-Options: nosniff
1 < X-Download-Options: noopen
1 < X-Permitted-Cross-Domain-Policies: none
1 < X-Ratelimit-Limit: 1000
1 < X-Ratelimit-Remaining: 952
1 < X-Request-Id: da6737c8-daa9-40e8-b166-cc1a0e7e8ddd
1 < X-Runtime: 0.017492
1 < X-Vcap-Request-Id: a1ba53a1-6b2f-44b9-4b2c-04ff13659069
1 < X-Xss-Protection: 1; mode=block
1 < X-Frame-Options: SAMEORIGIN
{"photos":[{"id":103383,"sol":1000,"camera":{"id":26,"name":"NAVCAM","rover_id":5,"full_name":"Navigation Camera"},"img_src":"http://mars.jpl.nasa.gov/msl-raw-images/proj/msl/redops/ods/surface/sol/01000/opgs/edr/ncam/NLB_486272784EDR_F0481570NCAM00415M_.JPG","earth_date":"2015-05-30","rover":{"id":5,"name":"Curiosity","landing_date":"2012-08-06","launch_date":"2011-11-26","status":"active"}},{"id":103384,"sol":1000,"camera":{"id":26,"name":"NAVCAM","rover_id":5,"full_name":"Navigation Camera"},"img_src":"http://mars.jpl.nasa.gov/msl-raw-images/proj/msl/redops/ods/surface/sol/01000/opgs/edr/ncam/NLB_486271176EDR_F0481570NCAM00322M_.JPG","earth_date":"2015-05-30","rover":{"id":5,"name":"Curiosity","landing_date":"2012-08-06","launch_date":"2011-11-26","status":"active"}},{"id":103385,"sol":1000,"camera":{"id":26,"name":"NAVCAM","rover_id":5,"full_name":"Navigation Camera"},"img_src":"http://mars.jpl.nasa.gov/msl-raw-images/proj/msl/redops/ods/surface/sol/01000/opgs/edr/ncam/NLB_486270860EDR_F0481570NCAM00323M_.JPG","earth_date":"2015-05-30","rover":{"id":5,"name":"Curiosity","landing_date":"2012-08-06","launch_date":"2011-11-26","status":"active"}},{"id":103386,"sol":1000,"camera":{"id":26,"name":"NAVCAM","rover_id":5,"full_name":"Navigation Camera"},"img_src":"http://mars.jpl.nasa.gov/msl-raw-images/proj/msl/redops/ods/surface/sol/01000/opgs/edr/ncam/NLB_486265192EDR_S0481570NCAM00546M_.JPG","earth_date":"2015-05-30","rover":{"id":5,"name":"Curiosity","landing_date":"2012-08-06","launch_date":"2011-11-26","status":"active"}},{"id":103387,"sol":1000,"camera":{"id":26,"name":"NAVCAM","rover_id":5,"full_name":"Navigation Camera"},"img_src":"http://mars.jpl.nasa.gov/msl-raw-images/proj/msl/redops/ods/surface/sol/01000/opgs/edr/ncam/NLB_486265119EDR_S0481570NCAM00546M_.JPG","earth_date":"2015-05-30","rover":{"id":5,"name":"Curiosity","landing_date":"2012-08-06","launch_date":"2011-11-26","status":"active"}},{"id":103388,"sol":1000,"camera":{"id":26,"name":"NAVCAM","rover_id":5,"full_name":"Navigation Camera"},"img_src":"http://mars.jpl.nasa.gov/msl-raw-images/proj/msl/redops/ods/surface/sol/01000/opgs/edr/ncam/NLB_486265046EDR_S0481570NCAM00546M_.JPG","earth_date":"2015-05-30","rover":{"id":5,"name":"Curiosity","landing_date":"2012-08-06","launch_date":"2011-11-26","status":"active"}},{"id":103389,"sol":1000,"camera":{"id":26,"name":"NAVCAM","rover_id":5,"full_name":"Navigation Camera"},"img_src":"http://mars.jpl.nasa.gov/msl-raw-images/proj/msl/redops/ods/surface/sol/01000/opgs/edr/ncam/NLB_486264973EDR_S0481570NCAM00546M_.JPG","earth_date":"2015-05-30","rover":{"id":5,"name":"Curiosity","landing_date":"2012-08-06","launch_date":"2011-11-26","status":"active"}},{"id":409063,"sol":1000,"camera":{"id":26,"name":"NAVCAM","rover_id":5,"full_name":"Navigation Camera"},"img_src":"http://mars.jpl.nasa.gov/msl-raw-images/proj/msl/redops/ods/surface/sol/01000/opgs/edr/ncam/NRB_486272784EDR_F0481570NCAM00415M_.JPG","earth_date":"2015-05-30","rover":{"id":5,"name":"Curiosity","landing_date":"2012-08-06","launch_date":"2011-11-26","status":"active"}},{"id":409064,"sol":1000,"camera":{"id":26,"name":"NAVCAM","rover_id":5,"full_name":"Navigation Camera"},"img_src":"http://mars.jpl.nasa.gov/msl-raw-images/proj/msl/redops/ods/surface/sol/01000/opgs/edr/ncam/NRB_486271176EDR_F0481570NCAM00322M_.JPG","earth_date":"2015-05-30","rover":{"id":5,"name":"Curiosity","landing_date":"2012-08-06","launch_date":"2011-11-26","status":"active"}},{"id":409065,"sol":1000,"camera":{"id":26,"name":"NAVCAM","rover_id":5,"full_name":"Navigation Camera"},"img_src":"http://mars.jpl.nasa.gov/msl-raw-images/proj/msl/redops/ods/surface/sol/01000/opgs/edr/ncam/NRB_486270860EDR_F0481570NCAM00323M_.JPG","earth_date":"2015-05-30","rover":{"id":5,"name":"Curiosity","landing_date":"2012-08-06","launch_date":"2011-11-26","status":"active"}}]}

17:12:45.681 [main] INFO  com.intuit.karate - [print] Endpoint hit! 
17:12:45.683 [main] INFO  com.intuit.karate - [print] amount of items:10 
17:12:45.685 [main] DEBUG com.intuit.karate - request:
2 > GET https://api.nasa.gov/mars-photos/api/v1/rovers/Opportunity/photos?sol=1000&api_key=3URwAWOHjeJxgDD6Dt94WfSXs3chWqfNHBb9aBp4&camera=NAVCAM
2 > Host: api.nasa.gov
2 > Connection: Keep-Alive
2 > User-Agent: Apache-HttpClient/4.5.13 (Java/1.8.0_261)
2 > Accept-Encoding: gzip,deflate


17:12:47.605 [main] DEBUG com.intuit.karate - response time in milliseconds: 1919
2 < 200
2 < Date: Mon, 11 Jul 2022 20:12:47 GMT
2 < Content-Type: application/json; charset=utf-8
2 < Transfer-Encoding: chunked
2 < Connection: keep-alive
2 < Access-Control-Allow-Origin: *
2 < Age: 1
2 < Cache-Control: max-age=0, private, must-revalidate
2 < Etag: W/"39767efec3c6c2c8495762873e68565f"
2 < Referrer-Policy: strict-origin-when-cross-origin
2 < Strict-Transport-Security: max-age=63072000; includeSubDomains
2 < Strict-Transport-Security: max-age=31536000; preload
2 < Vary: Accept-Encoding
2 < Vary: Origin
2 < Via: 1.1 vegur, http/1.1 api-umbrella (ApacheTrafficServer [cMsSf ])
2 < X-Cache: MISS
2 < X-Content-Type-Options: nosniff
2 < X-Download-Options: noopen
2 < X-Permitted-Cross-Domain-Policies: none
2 < X-Ratelimit-Limit: 1000
2 < X-Ratelimit-Remaining: 951
2 < X-Request-Id: ca0b04b6-da3b-47ef-9ea4-2f7cd26ad17f
2 < X-Runtime: 0.011892
2 < X-Vcap-Request-Id: 5ced9c5f-7179-4df8-6e65-da009d192a3b
2 < X-Xss-Protection: 1; mode=block
2 < X-Frame-Options: SAMEORIGIN
{"photos":[{"id":141044,"sol":1000,"camera":{"id":16,"name":"NAVCAM","rover_id":6,"full_name":"Navigation Camera"},"img_src":"http://mars.nasa.gov/mer/gallery/all/1/n/1000/1N216958451EFF76ZFP1950L0M1-BR.JPG","earth_date":"2006-11-17","rover":{"id":6,"name":"Opportunity","landing_date":"2004-01-25","launch_date":"2003-07-07","status":"complete"}},{"id":141045,"sol":1000,"camera":{"id":16,"name":"NAVCAM","rover_id":6,"full_name":"Navigation Camera"},"img_src":"http://mars.nasa.gov/mer/gallery/all/1/n/1000/1N216958451EFF76ZFP1950R0M1-BR.JPG","earth_date":"2006-11-17","rover":{"id":6,"name":"Opportunity","landing_date":"2004-01-25","launch_date":"2003-07-07","status":"complete"}}]}

17:12:47.607 [main] INFO  com.intuit.karate - [print] Endpoint hit! 
17:12:47.609 [main] INFO  com.intuit.karate - [print] amount of items:2 
17:12:47.611 [main] DEBUG com.intuit.karate - request:
3 > GET https://api.nasa.gov/mars-photos/api/v1/rovers/Spirit/photos?sol=1000&api_key=3URwAWOHjeJxgDD6Dt94WfSXs3chWqfNHBb9aBp4&camera=NAVCAM
3 > Host: api.nasa.gov
3 > Connection: Keep-Alive
3 > User-Agent: Apache-HttpClient/4.5.13 (Java/1.8.0_261)
3 > Accept-Encoding: gzip,deflate


17:12:48.995 [main] DEBUG com.intuit.karate - response time in milliseconds: 1384
3 < 200
3 < Date: Mon, 11 Jul 2022 20:12:49 GMT
3 < Content-Type: application/json; charset=utf-8
3 < Transfer-Encoding: chunked
3 < Connection: keep-alive
3 < Access-Control-Allow-Origin: *
3 < Age: 2
3 < Cache-Control: max-age=0, private, must-revalidate
3 < Etag: W/"a18881a9d9eb6fc8120cee3ab7fb47db"
3 < Referrer-Policy: strict-origin-when-cross-origin
3 < Strict-Transport-Security: max-age=63072000; includeSubDomains
3 < Strict-Transport-Security: max-age=31536000; preload
3 < Vary: Accept-Encoding
3 < Vary: Origin
3 < Via: 1.1 vegur, http/1.1 api-umbrella (ApacheTrafficServer [cMsSf ])
3 < X-Cache: MISS
3 < X-Content-Type-Options: nosniff
3 < X-Download-Options: noopen
3 < X-Permitted-Cross-Domain-Policies: none
3 < X-Ratelimit-Limit: 1000
3 < X-Ratelimit-Remaining: 951
3 < X-Request-Id: 242c9e77-73ce-4be0-a027-d459bc996ef8
3 < X-Runtime: 0.012431
3 < X-Vcap-Request-Id: f1e45585-56fe-4c18-7972-54441b09ffd3
3 < X-Xss-Protection: 1; mode=block
3 < X-Frame-Options: SAMEORIGIN
{"photos":[{"id":301536,"sol":1000,"camera":{"id":29,"name":"NAVCAM","rover_id":7,"full_name":"Navigation Camera"},"img_src":"http://mars.nasa.gov/mer/gallery/all/2/n/1000/2N215136972EDNAS00P1585L0M1-BR.JPG","earth_date":"2006-10-27","rover":{"id":7,"name":"Spirit","landing_date":"2004-01-04","launch_date":"2003-06-10","status":"complete"}},{"id":301537,"sol":1000,"camera":{"id":29,"name":"NAVCAM","rover_id":7,"full_name":"Navigation Camera"},"img_src":"http://mars.nasa.gov/mer/gallery/all/2/n/1000/2N215137010EDNAS00P1585L0M1-BR.JPG","earth_date":"2006-10-27","rover":{"id":7,"name":"Spirit","landing_date":"2004-01-04","launch_date":"2003-06-10","status":"complete"}},{"id":301538,"sol":1000,"camera":{"id":29,"name":"NAVCAM","rover_id":7,"full_name":"Navigation Camera"},"img_src":"http://mars.nasa.gov/mer/gallery/all/2/n/1000/2N215137048EDNAS00P1585L0M1-BR.JPG","earth_date":"2006-10-27","rover":{"id":7,"name":"Spirit","landing_date":"2004-01-04","launch_date":"2003-06-10","status":"complete"}},{"id":301539,"sol":1000,"camera":{"id":29,"name":"NAVCAM","rover_id":7,"full_name":"Navigation Camera"},"img_src":"http://mars.nasa.gov/mer/gallery/all/2/n/1000/2N215137086EDNAS00P1585L0M1-BR.JPG","earth_date":"2006-10-27","rover":{"id":7,"name":"Spirit","landing_date":"2004-01-04","launch_date":"2003-06-10","status":"complete"}}]}

17:12:48.996 [main] INFO  com.intuit.karate - [print] Endpoint hit! 
17:12:48.997 [main] INFO  com.intuit.karate - [print] amount of items:4 
17:12:48.998 [main] ERROR com.intuit.karate - classpath:challenge/tests/challengeTests.feature:36
* assert ids1.length > 10 * ids2.length
did not evaluate to 'true': ids1.length > 10 * ids2.length
classpath:challenge/tests/challengeTests.feature:36
]]></system-out>
  </testcase>
  <testcase name="challengeTest[1][4]" classname="challenge.tests.TestRunner" time="2.02"/>
  <testcase name="challengeTest[1][5]" classname="challenge.tests.TestRunner" time="1.463"/>
  <testcase name="challengeTest[1][6]" classname="challenge.tests.TestRunner" time="36.178"/>
</testsuite>